<?xml version="1.0" encoding="UTF-8"?>
<!-- Generated by org.testng.reporters.JUnitReportReporter -->
<testsuite hostname="LPT-411" failures="0" tests="1" name="PracticeTest.landing" time="22.675" errors="0" timestamp="2021-07-19T23:34:55 IST" skipped="0">
  <testcase classname="PracticeTest.landing" name="homePageNavigation" time="22.675"/>
  <system-out/>
</testsuite> <!-- PracticeTest.landing -->
