<?xml version="1.0" encoding="UTF-8"?>
<!-- Generated by org.testng.reporters.JUnitReportReporter -->
<testsuite hostname="LPT-411" failures="0" tests="1" name="PracticeTest.Test" time="17.459" errors="0" timestamp="2021-07-13T12:06:56 IST" skipped="0">
  <testcase classname="PracticeTest.Test" name="config" time="17.459"/>
  <system-out/>
</testsuite> <!-- PracticeTest.Test -->
